<?xml version="1.0" encoding="UTF-8"?>
<testng-results ignored="0" total="2" passed="2" failed="0" skipped="0">
  <reporter-output>
  </reporter-output>
  <suite started-at="2022-09-26T16:47:26 ICT" name="Default Suite" finished-at="2022-09-26T16:47:32 ICT" duration-ms="5694">
    <groups>
    </groups>
    <test started-at="2022-09-26T16:47:26 ICT" name="BTXH" finished-at="2022-09-26T16:47:32 ICT" duration-ms="5694">
      <class name="org.example.TestNGTest">
        <test-method signature="Test01()[pri:0, instance:org.example.TestNGTest@71248c21]" started-at="2022-09-26T16:47:26 ICT" name="Test01" finished-at="2022-09-26T16:47:30 ICT" duration-ms="3192" status="PASS">
          <reporter-output>
          </reporter-output>
        </test-method> <!-- Test01 -->
        <test-method signature="Test02()[pri:0, instance:org.example.TestNGTest@71248c21]" started-at="2022-09-26T16:47:30 ICT" name="Test02" finished-at="2022-09-26T16:47:32 ICT" duration-ms="2470" status="PASS">
          <reporter-output>
          </reporter-output>
        </test-method> <!-- Test02 -->
      </class> <!-- org.example.TestNGTest -->
    </test> <!-- BTXH -->
  </suite> <!-- Default Suite -->
</testng-results>
